[2021-08-03 04:51:11] alias_create_execute
alias_create_execute () 
{ 
    for _path in "$rvm_rubies_path" "$rvm_gems_path" "$rvm_environments_path" "$rvm_wrappers_path";
    do
        if [[ -L "$_path/$alias_name" ]]; then
            \command \rm -fv "$_path/$alias_name" || return $?;
        fi;
        \command \ln -fs "$_path/$rvm_ruby_string" "$_path/$alias_name" || return $?;
    done;
    __rvm_db_ "$rvm_path/config/alias" "$alias_name" "$rvm_ruby_string"
}
current path: /home/ec2-user
GEM_HOME=/home/ec2-user/.rvm/gems/ruby-2.6.3
PATH=/home/ec2-user/.rvm/gems/ruby-2.6.3/bin:/home/ec2-user/.rvm/gems/ruby-2.6.3@global/bin:/home/ec2-user/.rvm/rubies/ruby-2.6.3/bin:/home/ec2-user/.rvm/bin:/home/ec2-user/.nvm/versions/node/v10.24.1/bin:/sbin:/bin:/usr/sbin:/usr/bin:/usr/local/sbin:/opt/aws/bin:/usr/local/bin:/home/ec2-user/.local/bin:/home/ec2-user/bin:/usr/local/bin:/home/ec2-user/.local/bin:/home/ec2-user/bin:/opt/aws/bin:/usr/local/bin:/home/ec2-user/.local/bin:/home/ec2-user/bin:/usr/local/bin:/home/ec2-user/.local/bin:/home/ec2-user/bin
GEM_PATH=/home/ec2-user/.rvm/gems/ruby-2.6.3:/home/ec2-user/.rvm/gems/ruby-2.6.3@global
command(1): alias_create_execute
+ for _path in '"$rvm_rubies_path"' '"$rvm_gems_path"' '"$rvm_environments_path"' '"$rvm_wrappers_path"'
+ [[ -L /home/ec2-user/.rvm/rubies/default ]]
+ command ln -fs /home/ec2-user/.rvm/rubies/ruby-2.6.3 /home/ec2-user/.rvm/rubies/default
+ ln -fs /home/ec2-user/.rvm/rubies/ruby-2.6.3 /home/ec2-user/.rvm/rubies/default
+ for _path in '"$rvm_rubies_path"' '"$rvm_gems_path"' '"$rvm_environments_path"' '"$rvm_wrappers_path"'
+ [[ -L /home/ec2-user/.rvm/gems/default ]]
+ command ln -fs /home/ec2-user/.rvm/gems/ruby-2.6.3 /home/ec2-user/.rvm/gems/default
+ ln -fs /home/ec2-user/.rvm/gems/ruby-2.6.3 /home/ec2-user/.rvm/gems/default
+ for _path in '"$rvm_rubies_path"' '"$rvm_gems_path"' '"$rvm_environments_path"' '"$rvm_wrappers_path"'
+ [[ -L /home/ec2-user/.rvm/environments/default ]]
+ command ln -fs /home/ec2-user/.rvm/environments/ruby-2.6.3 /home/ec2-user/.rvm/environments/default
+ ln -fs /home/ec2-user/.rvm/environments/ruby-2.6.3 /home/ec2-user/.rvm/environments/default
+ for _path in '"$rvm_rubies_path"' '"$rvm_gems_path"' '"$rvm_environments_path"' '"$rvm_wrappers_path"'
+ [[ -L /home/ec2-user/.rvm/wrappers/default ]]
+ command ln -fs /home/ec2-user/.rvm/wrappers/ruby-2.6.3 /home/ec2-user/.rvm/wrappers/default
+ ln -fs /home/ec2-user/.rvm/wrappers/ruby-2.6.3 /home/ec2-user/.rvm/wrappers/default
+ __rvm_db_ /home/ec2-user/.rvm/config/alias default ruby-2.6.3
+ typeset __db __key __value
+ __db=/home/ec2-user/.rvm/config/alias
+ __key=default
+ shift 2
+ __value=ruby-2.6.3
+ case "${__value}" in
+ __rvm_db_add /home/ec2-user/.rvm/config/alias default ruby-2.6.3
+ typeset __dir=/home/ec2-user/.rvm/config
+ [[ -f /home/ec2-user/.rvm/config/alias ]]
+ __rvm_db_remove /home/ec2-user/.rvm/config/alias default
+ [[ -f /home/ec2-user/.rvm/config/alias ]]
+ __rvm_sed -e '\#^default=# d' -e '/^$/d' /home/ec2-user/.rvm/config/alias
+ sed -e '\#^default=# d' -e '/^$/d' /home/ec2-user/.rvm/config/alias
+ command mv -f /home/ec2-user/.rvm/config/alias.new /home/ec2-user/.rvm/config/alias
+ mv -f /home/ec2-user/.rvm/config/alias.new /home/ec2-user/.rvm/config/alias
+ printf '%b=%b\n' default ruby-2.6.3
